Disk Usage:
Filesystem      Size  Used Avail Use% Mounted on
none            3.8G     0  3.8G   0% /usr/lib/modules/5.15.167.4-microsoft-standard-WSL2
none            3.8G  4.0K  3.8G   1% /mnt/wsl
drivers         201G  185G   17G  92% /usr/lib/wsl/drivers
/dev/sdc       1007G  2.1G  954G   1% /
none            3.8G  100K  3.8G   1% /mnt/wslg
none            3.8G     0  3.8G   0% /usr/lib/wsl/lib
rootfs          3.8G  2.2M  3.8G   1% /init
none            3.8G  516K  3.8G   1% /run
none            3.8G     0  3.8G   0% /run/lock
none            3.8G     0  3.8G   0% /run/shm
tmpfs           4.0M     0  4.0M   0% /sys/fs/cgroup
none            3.8G   76K  3.8G   1% /mnt/wslg/versions.txt
none            3.8G   76K  3.8G   1% /mnt/wslg/doc
C:\             201G  185G   17G  92% /mnt/c
D:\             275G   19G  257G   7% /mnt/d
tmpfs           762M   16K  762M   1% /run/user/1000
Top Processes:
USER         PID %CPU %MEM    VSZ   RSS TTY      STAT START   TIME COMMAND
reshma      2332  100  0.1  15268  9724 ?        R    14:00   0:00 python3 /mnt/c/Users/Reshma/project1/check_github.py
root           1  0.0  0.1  21788 12924 ?        Ss   12:27   0:00 /sbin/init
root          52  0.0  0.2  50436 16580 ?        S<s  12:27   0:00 /usr/lib/systemd/systemd-journald
root         319  0.0  0.0   2620   124 ?        S    12:27   0:00 /init
root          79  0.0  0.0  23992  5936 ?        Ss   12:27   0:00 /usr/lib/systemd/systemd-udevd
reshma       320  0.0  0.0   6332  5608 pts/0    Ss+  12:27   0:00 -bash
root         175  0.0  0.2 1755840 16124 ?       Ssl  12:27   0:00 /usr/libexec/wsl-pro-service -vv
syslog       214  0.0  0.0 222508  5236 ?        Ssl  12:27   0:00 /usr/sbin/rsyslogd -n -iNONE
root         172  0.0  0.1  17976  8188 ?        Ss   12:27   0:00 /usr/lib/systemd/systemd-logind
